2023-01-05 14:01:44,480:INFO:PyCaret Supervised Module
2023-01-05 14:01:44,480:INFO:ML Usecase: regression
2023-01-05 14:01:44,480:INFO:version 2.2.2
2023-01-05 14:01:44,480:INFO:Initializing setup()
2023-01-05 14:01:44,480:INFO:setup(target=expected_cut_force, ml_usecase=regression, available_plots={'parameter': 'Hyperparameters', 'residuals': 'Residuals', 'error': 'Prediction Error', 'cooks': 'Cooks Distance', 'rfe': 'Feature Selection', 'learning': 'Learning Curve', 'manifold': 'Manifold Learning', 'vc': 'Validation Curve', 'feature': 'Feature Importance', 'feature_all': 'Feature Importance (All)', 'tree': 'Decision Tree'}, train_size=0.7, test_data=None, preprocess=True, imputation_type=simple, iterative_imputation_iters=5, categorical_features=None, categorical_imputation=constant, categorical_iterative_imputer=lightgbm, ordinal_features=None, high_cardinality_features=None, high_cardinality_method=frequency, numeric_features=None, numeric_imputation=mean, numeric_iterative_imputer=lightgbm, date_features=None, ignore_features=None, normalize=False, normalize_method=zscore, transformation=False, transformation_method=yeo-johnson, handle_unknown_categorical=True, unknown_categorical_method=least_frequent, pca=False, pca_method=linear, pca_components=None, ignore_low_variance=False, combine_rare_levels=False, rare_level_threshold=0.1, bin_numeric_features=None, remove_outliers=False, outliers_threshold=0.05, remove_multicollinearity=False, multicollinearity_threshold=0.9, remove_perfect_collinearity=True, create_clusters=False, cluster_iter=20, polynomial_features=False, polynomial_degree=2, trigonometry_features=False, polynomial_threshold=0.1, group_features=None, group_names=None, feature_selection=False, feature_selection_threshold=0.8, feature_selection_method=classic, feature_interaction=False, feature_ratio=False, interaction_threshold=0.01, fix_imbalance=False, fix_imbalance_method=None, transform_target=False, transform_target_method=box-cox, data_split_shuffle=True, data_split_stratify=False, fold_strategy=kfold, fold=10, fold_shuffle=False, fold_groups=None, n_jobs=-1, use_gpu=False, custom_pipeline=None, html=True, session_id=None, log_experiment=False, experiment_name=None, log_plots=False, log_profile=False, log_data=False, silent=False, verbose=True, profile=False, profile_kwargs=None, display=None)
2023-01-05 14:01:44,480:INFO:Checking environment
2023-01-05 14:01:44,481:INFO:python_version: 3.9.4
2023-01-05 14:01:44,481:INFO:python_build: ('default', 'Apr  9 2021 11:43:21')
2023-01-05 14:01:44,481:INFO:machine: AMD64
2023-01-05 14:01:44,481:INFO:platform: Windows-10-10.0.19041-SP0
2023-01-05 14:01:44,482:WARNING:cannot find psutil installation. memory not traceable. Install psutil using pip to enable memory logging.
2023-01-05 14:01:44,482:INFO:Checking libraries
2023-01-05 14:01:44,482:INFO:pd==1.2.4
2023-01-05 14:01:44,482:INFO:numpy==1.19.5
2023-01-05 14:01:44,482:INFO:sklearn==1.2.0
2023-01-05 14:01:44,645:INFO:xgboost==1.4.2
2023-01-05 14:01:44,645:INFO:lightgbm==3.3.1
2023-01-05 14:01:44,740:INFO:catboost==0.25.1
2023-01-05 14:01:45,596:INFO:mlflow==1.17.0
2023-01-05 14:01:45,596:INFO:Checking Exceptions
2023-01-05 14:01:45,596:INFO:Declaring global variables
2023-01-05 14:01:45,597:INFO:USI: 9869
2023-01-05 14:01:45,597:INFO:pycaret_globals: {'fold_shuffle_param', 'y_test', 'X_train', 'fold_generator', 'gpu_param', 'imputation_classifier', '_all_models_internal', 'transform_target_param', 'fold_param', 'log_plots_param', '_ml_usecase', '_all_models', 'display_container', 'y', 'iterative_imputation_iters_param', 'imputation_regressor', 'prep_pipe', 'html_param', 'transform_target_method_param', 'n_jobs_param', 'seed', 'USI', '_gpu_n_jobs_param', 'y_train', '_available_plots', 'fix_imbalance_method_param', '_all_metrics', 'target_param', 'stratify_param', 'fold_groups_param', 'pycaret_globals', 'data_before_preprocess', 'X', 'experiment__', 'create_model_container', 'exp_name_log', 'master_model_container', 'fix_imbalance_param', 'logging_param', '_internal_pipeline', 'X_test'}
2023-01-05 14:01:45,597:INFO:Preparing display monitor
2023-01-05 14:01:45,597:INFO:Preparing display monitor
2023-01-05 14:01:45,612:INFO:Importing libraries
2023-01-05 14:01:45,612:INFO:Copying data for preprocessing
2023-01-05 14:01:45,620:INFO:Declaring preprocessing parameters
2023-01-05 14:01:45,623:INFO:Creating preprocessing pipeline
2023-01-05 14:01:45,644:INFO:Preprocessing pipeline created successfully
2023-01-05 14:01:45,645:ERROR:(Process Exit): setup has been interupted with user command 'quit'. setup must rerun.
2023-01-05 14:01:45,645:INFO:Creating global containers
2023-01-05 14:02:14,796:INFO:PyCaret Supervised Module
2023-01-05 14:02:14,796:INFO:ML Usecase: regression
2023-01-05 14:02:14,797:INFO:version 2.2.2
2023-01-05 14:02:14,797:INFO:Initializing setup()
2023-01-05 14:02:14,797:INFO:setup(target=expected_cut_force, ml_usecase=regression, available_plots={'parameter': 'Hyperparameters', 'residuals': 'Residuals', 'error': 'Prediction Error', 'cooks': 'Cooks Distance', 'rfe': 'Feature Selection', 'learning': 'Learning Curve', 'manifold': 'Manifold Learning', 'vc': 'Validation Curve', 'feature': 'Feature Importance', 'feature_all': 'Feature Importance (All)', 'tree': 'Decision Tree'}, train_size=0.7, test_data=None, preprocess=True, imputation_type=simple, iterative_imputation_iters=5, categorical_features=None, categorical_imputation=constant, categorical_iterative_imputer=lightgbm, ordinal_features=None, high_cardinality_features=None, high_cardinality_method=frequency, numeric_features=None, numeric_imputation=mean, numeric_iterative_imputer=lightgbm, date_features=None, ignore_features=None, normalize=False, normalize_method=zscore, transformation=False, transformation_method=yeo-johnson, handle_unknown_categorical=True, unknown_categorical_method=least_frequent, pca=False, pca_method=linear, pca_components=None, ignore_low_variance=False, combine_rare_levels=False, rare_level_threshold=0.1, bin_numeric_features=None, remove_outliers=False, outliers_threshold=0.05, remove_multicollinearity=False, multicollinearity_threshold=0.9, remove_perfect_collinearity=True, create_clusters=False, cluster_iter=20, polynomial_features=False, polynomial_degree=2, trigonometry_features=False, polynomial_threshold=0.1, group_features=None, group_names=None, feature_selection=False, feature_selection_threshold=0.8, feature_selection_method=classic, feature_interaction=False, feature_ratio=False, interaction_threshold=0.01, fix_imbalance=False, fix_imbalance_method=None, transform_target=False, transform_target_method=box-cox, data_split_shuffle=True, data_split_stratify=False, fold_strategy=kfold, fold=10, fold_shuffle=True, fold_groups=None, n_jobs=-1, use_gpu=False, custom_pipeline=None, html=True, session_id=None, log_experiment=False, experiment_name=None, log_plots=False, log_profile=False, log_data=False, silent=False, verbose=True, profile=False, profile_kwargs=None, display=None)
2023-01-05 14:02:14,798:INFO:Checking environment
2023-01-05 14:02:14,798:INFO:python_version: 3.9.4
2023-01-05 14:02:14,798:INFO:python_build: ('default', 'Apr  9 2021 11:43:21')
2023-01-05 14:02:14,798:INFO:machine: AMD64
2023-01-05 14:02:14,798:INFO:platform: Windows-10-10.0.19041-SP0
2023-01-05 14:02:14,799:WARNING:cannot find psutil installation. memory not traceable. Install psutil using pip to enable memory logging.
2023-01-05 14:02:14,799:INFO:Checking libraries
2023-01-05 14:02:14,799:INFO:pd==1.2.4
2023-01-05 14:02:14,799:INFO:numpy==1.19.5
2023-01-05 14:02:14,799:INFO:sklearn==1.2.0
2023-01-05 14:02:14,799:INFO:xgboost==1.4.2
2023-01-05 14:02:14,799:INFO:lightgbm==3.3.1
2023-01-05 14:02:14,799:INFO:catboost==0.25.1
2023-01-05 14:02:14,800:INFO:mlflow==1.17.0
2023-01-05 14:02:14,800:INFO:Checking Exceptions
2023-01-05 14:02:14,800:INFO:Declaring global variables
2023-01-05 14:02:14,800:INFO:USI: 296d
2023-01-05 14:02:14,800:INFO:pycaret_globals: {'fold_shuffle_param', 'y_test', 'X_train', 'fold_generator', 'gpu_param', 'imputation_classifier', '_all_models_internal', 'transform_target_param', 'fold_param', 'log_plots_param', '_ml_usecase', '_all_models', 'display_container', 'y', 'iterative_imputation_iters_param', 'imputation_regressor', 'prep_pipe', 'html_param', 'transform_target_method_param', 'n_jobs_param', 'seed', 'USI', '_gpu_n_jobs_param', 'y_train', '_available_plots', 'fix_imbalance_method_param', '_all_metrics', 'target_param', 'stratify_param', 'fold_groups_param', 'pycaret_globals', 'data_before_preprocess', 'X', 'experiment__', 'create_model_container', 'exp_name_log', 'master_model_container', 'fix_imbalance_param', 'logging_param', '_internal_pipeline', 'X_test'}
2023-01-05 14:02:14,800:INFO:Preparing display monitor
2023-01-05 14:02:14,800:INFO:Preparing display monitor
2023-01-05 14:02:14,814:INFO:Importing libraries
2023-01-05 14:02:14,814:INFO:Copying data for preprocessing
2023-01-05 14:02:14,825:INFO:Declaring preprocessing parameters
2023-01-05 14:02:14,827:INFO:Creating preprocessing pipeline
2023-01-05 14:02:14,846:INFO:Preprocessing pipeline created successfully
2023-01-05 14:02:14,846:ERROR:(Process Exit): setup has been interupted with user command 'quit'. setup must rerun.
2023-01-05 14:02:14,846:INFO:Creating global containers
2023-01-05 14:02:14,851:INFO:Internal pipeline: Pipeline(memory=None, steps=[('empty_step', 'passthrough')], verbose=False)
2023-01-05 14:05:08,011:INFO:PyCaret Supervised Module
2023-01-05 14:05:08,011:INFO:ML Usecase: regression
2023-01-05 14:05:08,012:INFO:version 2.2.2
2023-01-05 14:05:08,012:INFO:Initializing setup()
2023-01-05 14:05:08,012:INFO:setup(target=expected_cut_force, ml_usecase=regression, available_plots={'parameter': 'Hyperparameters', 'residuals': 'Residuals', 'error': 'Prediction Error', 'cooks': 'Cooks Distance', 'rfe': 'Feature Selection', 'learning': 'Learning Curve', 'manifold': 'Manifold Learning', 'vc': 'Validation Curve', 'feature': 'Feature Importance', 'feature_all': 'Feature Importance (All)', 'tree': 'Decision Tree'}, train_size=0.7, test_data=None, preprocess=True, imputation_type=simple, iterative_imputation_iters=5, categorical_features=None, categorical_imputation=constant, categorical_iterative_imputer=lightgbm, ordinal_features=None, high_cardinality_features=None, high_cardinality_method=frequency, numeric_features=None, numeric_imputation=mean, numeric_iterative_imputer=lightgbm, date_features=None, ignore_features=None, normalize=False, normalize_method=zscore, transformation=False, transformation_method=yeo-johnson, handle_unknown_categorical=True, unknown_categorical_method=least_frequent, pca=False, pca_method=linear, pca_components=None, ignore_low_variance=False, combine_rare_levels=False, rare_level_threshold=0.1, bin_numeric_features=None, remove_outliers=False, outliers_threshold=0.05, remove_multicollinearity=False, multicollinearity_threshold=0.9, remove_perfect_collinearity=True, create_clusters=False, cluster_iter=20, polynomial_features=False, polynomial_degree=2, trigonometry_features=False, polynomial_threshold=0.1, group_features=None, group_names=None, feature_selection=False, feature_selection_threshold=0.8, feature_selection_method=classic, feature_interaction=False, feature_ratio=False, interaction_threshold=0.01, fix_imbalance=False, fix_imbalance_method=None, transform_target=False, transform_target_method=box-cox, data_split_shuffle=True, data_split_stratify=False, fold_strategy=kfold, fold=10, fold_shuffle=True, fold_groups=None, n_jobs=-1, use_gpu=False, custom_pipeline=None, html=True, session_id=None, log_experiment=False, experiment_name=None, log_plots=False, log_profile=False, log_data=False, silent=False, verbose=True, profile=False, profile_kwargs=None, display=None)
2023-01-05 14:05:08,012:INFO:Checking environment
2023-01-05 14:05:08,012:INFO:python_version: 3.9.4
2023-01-05 14:05:08,012:INFO:python_build: ('default', 'Apr  9 2021 11:43:21')
2023-01-05 14:05:08,012:INFO:machine: AMD64
2023-01-05 14:05:08,013:INFO:platform: Windows-10-10.0.19041-SP0
2023-01-05 14:05:08,014:WARNING:cannot find psutil installation. memory not traceable. Install psutil using pip to enable memory logging.
2023-01-05 14:05:08,014:INFO:Checking libraries
2023-01-05 14:05:08,014:INFO:pd==1.2.4
2023-01-05 14:05:08,014:INFO:numpy==1.19.5
2023-01-05 14:05:08,014:INFO:sklearn==1.2.0
2023-01-05 14:05:08,014:INFO:xgboost==1.4.2
2023-01-05 14:05:08,014:INFO:lightgbm==3.3.1
2023-01-05 14:05:08,014:INFO:catboost==0.25.1
2023-01-05 14:05:08,014:INFO:mlflow==1.17.0
2023-01-05 14:05:08,014:INFO:Checking Exceptions
2023-01-05 14:05:08,014:INFO:Declaring global variables
2023-01-05 14:05:08,014:INFO:USI: f317
2023-01-05 14:05:08,014:INFO:pycaret_globals: {'fold_shuffle_param', 'y_test', 'X_train', 'fold_generator', 'gpu_param', 'imputation_classifier', '_all_models_internal', 'transform_target_param', 'fold_param', 'log_plots_param', '_ml_usecase', '_all_models', 'display_container', 'y', 'iterative_imputation_iters_param', 'imputation_regressor', 'prep_pipe', 'html_param', 'transform_target_method_param', 'n_jobs_param', 'seed', 'USI', '_gpu_n_jobs_param', 'y_train', '_available_plots', 'fix_imbalance_method_param', '_all_metrics', 'target_param', 'stratify_param', 'fold_groups_param', 'pycaret_globals', 'data_before_preprocess', 'X', 'experiment__', 'create_model_container', 'exp_name_log', 'master_model_container', 'fix_imbalance_param', 'logging_param', '_internal_pipeline', 'X_test'}
2023-01-05 14:05:08,015:INFO:Preparing display monitor
2023-01-05 14:05:08,015:INFO:Preparing display monitor
2023-01-05 14:05:08,028:INFO:Importing libraries
2023-01-05 14:05:08,028:INFO:Copying data for preprocessing
2023-01-05 14:05:08,037:INFO:Declaring preprocessing parameters
2023-01-05 14:05:08,039:INFO:Creating preprocessing pipeline
2023-01-05 14:05:08,053:INFO:Preprocessing pipeline created successfully
2023-01-05 14:05:08,053:ERROR:(Process Exit): setup has been interupted with user command 'quit'. setup must rerun.
2023-01-05 14:05:08,053:INFO:Creating global containers
2023-01-05 14:05:08,053:INFO:Internal pipeline: Pipeline(memory=None, steps=[('empty_step', 'passthrough')], verbose=False)
2023-01-05 14:12:01,995:INFO:PyCaret Supervised Module
2023-01-05 14:12:01,996:INFO:ML Usecase: regression
2023-01-05 14:12:01,997:INFO:version 2.2.2
2023-01-05 14:12:01,997:INFO:Initializing setup()
2023-01-05 14:12:01,997:INFO:setup(target=expected_cut_force, ml_usecase=regression, available_plots={'parameter': 'Hyperparameters', 'residuals': 'Residuals', 'error': 'Prediction Error', 'cooks': 'Cooks Distance', 'rfe': 'Feature Selection', 'learning': 'Learning Curve', 'manifold': 'Manifold Learning', 'vc': 'Validation Curve', 'feature': 'Feature Importance', 'feature_all': 'Feature Importance (All)', 'tree': 'Decision Tree'}, train_size=0.7, test_data=None, preprocess=True, imputation_type=simple, iterative_imputation_iters=5, categorical_features=None, categorical_imputation=constant, categorical_iterative_imputer=lightgbm, ordinal_features=None, high_cardinality_features=None, high_cardinality_method=frequency, numeric_features=None, numeric_imputation=mean, numeric_iterative_imputer=lightgbm, date_features=None, ignore_features=None, normalize=False, normalize_method=zscore, transformation=False, transformation_method=yeo-johnson, handle_unknown_categorical=True, unknown_categorical_method=least_frequent, pca=False, pca_method=linear, pca_components=None, ignore_low_variance=False, combine_rare_levels=False, rare_level_threshold=0.1, bin_numeric_features=None, remove_outliers=False, outliers_threshold=0.05, remove_multicollinearity=False, multicollinearity_threshold=0.9, remove_perfect_collinearity=True, create_clusters=False, cluster_iter=20, polynomial_features=False, polynomial_degree=2, trigonometry_features=False, polynomial_threshold=0.1, group_features=None, group_names=None, feature_selection=False, feature_selection_threshold=0.8, feature_selection_method=classic, feature_interaction=False, feature_ratio=False, interaction_threshold=0.01, fix_imbalance=False, fix_imbalance_method=None, transform_target=False, transform_target_method=box-cox, data_split_shuffle=True, data_split_stratify=False, fold_strategy=kfold, fold=10, fold_shuffle=True, fold_groups=None, n_jobs=-1, use_gpu=False, custom_pipeline=None, html=True, session_id=None, log_experiment=False, experiment_name=None, log_plots=False, log_profile=False, log_data=False, silent=False, verbose=True, profile=False, profile_kwargs=None, display=None)
2023-01-05 14:12:01,998:INFO:Checking environment
2023-01-05 14:12:01,998:INFO:python_version: 3.9.4
2023-01-05 14:12:01,998:INFO:python_build: ('default', 'Apr  9 2021 11:43:21')
2023-01-05 14:12:01,998:INFO:machine: AMD64
2023-01-05 14:12:01,998:INFO:platform: Windows-10-10.0.19041-SP0
2023-01-05 14:12:02,002:WARNING:cannot find psutil installation. memory not traceable. Install psutil using pip to enable memory logging.
2023-01-05 14:12:02,002:INFO:Checking libraries
2023-01-05 14:12:02,002:INFO:pd==1.2.4
2023-01-05 14:12:02,002:INFO:numpy==1.19.5
2023-01-05 14:12:02,002:INFO:sklearn==1.2.0
2023-01-05 14:12:02,002:INFO:xgboost==1.4.2
2023-01-05 14:12:02,003:INFO:lightgbm==3.3.1
2023-01-05 14:12:02,003:INFO:catboost==0.25.1
2023-01-05 14:12:02,003:INFO:mlflow==1.17.0
2023-01-05 14:12:02,003:INFO:Checking Exceptions
2023-01-05 14:12:02,003:INFO:Declaring global variables
2023-01-05 14:12:02,003:INFO:USI: daa2
2023-01-05 14:12:02,003:INFO:pycaret_globals: {'fold_shuffle_param', 'y_test', 'X_train', 'fold_generator', 'gpu_param', 'imputation_classifier', '_all_models_internal', 'transform_target_param', 'fold_param', 'log_plots_param', '_ml_usecase', '_all_models', 'display_container', 'y', 'iterative_imputation_iters_param', 'imputation_regressor', 'prep_pipe', 'html_param', 'transform_target_method_param', 'n_jobs_param', 'seed', 'USI', '_gpu_n_jobs_param', 'y_train', '_available_plots', 'fix_imbalance_method_param', '_all_metrics', 'target_param', 'stratify_param', 'fold_groups_param', 'pycaret_globals', 'data_before_preprocess', 'X', 'experiment__', 'create_model_container', 'exp_name_log', 'master_model_container', 'fix_imbalance_param', 'logging_param', '_internal_pipeline', 'X_test'}
2023-01-05 14:12:02,003:INFO:Preparing display monitor
2023-01-05 14:12:02,003:INFO:Preparing display monitor
2023-01-05 14:12:02,020:INFO:Importing libraries
2023-01-05 14:12:02,020:INFO:Copying data for preprocessing
2023-01-05 14:12:02,032:INFO:Declaring preprocessing parameters
2023-01-05 14:12:02,034:INFO:Creating preprocessing pipeline
2023-01-05 14:12:02,054:INFO:Preprocessing pipeline created successfully
2023-01-05 14:12:02,054:ERROR:(Process Exit): setup has been interupted with user command 'quit'. setup must rerun.
2023-01-05 14:12:02,054:INFO:Creating global containers
2023-01-05 14:12:02,055:INFO:Internal pipeline: Pipeline(memory=None, steps=[('empty_step', 'passthrough')], verbose=False)
2023-01-05 14:12:21,032:INFO:PyCaret Supervised Module
2023-01-05 14:12:21,033:INFO:ML Usecase: regression
2023-01-05 14:12:21,034:INFO:version 2.2.2
2023-01-05 14:12:21,034:INFO:Initializing setup()
2023-01-05 14:12:21,034:INFO:setup(target=expected_cut_force, ml_usecase=regression, available_plots={'parameter': 'Hyperparameters', 'residuals': 'Residuals', 'error': 'Prediction Error', 'cooks': 'Cooks Distance', 'rfe': 'Feature Selection', 'learning': 'Learning Curve', 'manifold': 'Manifold Learning', 'vc': 'Validation Curve', 'feature': 'Feature Importance', 'feature_all': 'Feature Importance (All)', 'tree': 'Decision Tree'}, train_size=0.7, test_data=None, preprocess=True, imputation_type=simple, iterative_imputation_iters=5, categorical_features=None, categorical_imputation=constant, categorical_iterative_imputer=lightgbm, ordinal_features=None, high_cardinality_features=None, high_cardinality_method=frequency, numeric_features=None, numeric_imputation=mean, numeric_iterative_imputer=lightgbm, date_features=None, ignore_features=None, normalize=False, normalize_method=zscore, transformation=False, transformation_method=yeo-johnson, handle_unknown_categorical=True, unknown_categorical_method=least_frequent, pca=False, pca_method=linear, pca_components=None, ignore_low_variance=False, combine_rare_levels=False, rare_level_threshold=0.1, bin_numeric_features=None, remove_outliers=False, outliers_threshold=0.05, remove_multicollinearity=False, multicollinearity_threshold=0.9, remove_perfect_collinearity=True, create_clusters=False, cluster_iter=20, polynomial_features=False, polynomial_degree=2, trigonometry_features=False, polynomial_threshold=0.1, group_features=None, group_names=None, feature_selection=False, feature_selection_threshold=0.8, feature_selection_method=classic, feature_interaction=False, feature_ratio=False, interaction_threshold=0.01, fix_imbalance=False, fix_imbalance_method=None, transform_target=False, transform_target_method=box-cox, data_split_shuffle=True, data_split_stratify=False, fold_strategy=kfold, fold=10, fold_shuffle=True, fold_groups=None, n_jobs=-1, use_gpu=False, custom_pipeline=None, html=True, session_id=None, log_experiment=False, experiment_name=None, log_plots=False, log_profile=False, log_data=False, silent=False, verbose=True, profile=False, profile_kwargs=None, display=None)
2023-01-05 14:12:21,034:INFO:Checking environment
2023-01-05 14:12:21,035:INFO:python_version: 3.9.4
2023-01-05 14:12:21,035:INFO:python_build: ('default', 'Apr  9 2021 11:43:21')
2023-01-05 14:12:21,035:INFO:machine: AMD64
2023-01-05 14:12:21,035:INFO:platform: Windows-10-10.0.19041-SP0
2023-01-05 14:12:21,036:WARNING:cannot find psutil installation. memory not traceable. Install psutil using pip to enable memory logging.
2023-01-05 14:12:21,036:INFO:Checking libraries
2023-01-05 14:12:21,036:INFO:pd==1.2.4
2023-01-05 14:12:21,037:INFO:numpy==1.19.5
2023-01-05 14:12:21,037:INFO:sklearn==1.2.0
2023-01-05 14:12:21,260:INFO:xgboost==1.4.2
2023-01-05 14:12:21,260:INFO:lightgbm==3.3.1
2023-01-05 14:12:21,288:INFO:catboost==0.25.1
2023-01-05 14:12:22,140:INFO:mlflow==1.17.0
2023-01-05 14:12:22,141:INFO:Checking Exceptions
2023-01-05 14:12:22,142:INFO:Declaring global variables
2023-01-05 14:12:22,142:INFO:USI: f6f1
2023-01-05 14:12:22,142:INFO:pycaret_globals: {'exp_name_log', 'log_plots_param', 'X_train', 'prep_pipe', 'seed', '_all_models', 'X_test', 'html_param', '_all_metrics', 'display_container', 'fold_groups_param', 'master_model_container', 'create_model_container', '_ml_usecase', 'transform_target_param', 'n_jobs_param', '_internal_pipeline', 'data_before_preprocess', 'transform_target_method_param', 'target_param', 'USI', '_available_plots', 'experiment__', 'fix_imbalance_method_param', 'stratify_param', 'imputation_regressor', '_all_models_internal', 'gpu_param', 'fold_param', 'y', 'y_train', 'X', 'fold_generator', 'pycaret_globals', 'fold_shuffle_param', 'logging_param', 'y_test', 'fix_imbalance_param', '_gpu_n_jobs_param', 'imputation_classifier', 'iterative_imputation_iters_param'}
2023-01-05 14:12:22,142:INFO:Preparing display monitor
2023-01-05 14:12:22,142:INFO:Preparing display monitor
2023-01-05 14:12:22,165:INFO:Importing libraries
2023-01-05 14:12:22,165:INFO:Copying data for preprocessing
2023-01-05 14:12:22,178:INFO:Declaring preprocessing parameters
2023-01-05 14:12:22,181:INFO:Creating preprocessing pipeline
2023-01-05 14:12:22,215:INFO:Preprocessing pipeline created successfully
2023-01-05 14:12:22,215:ERROR:(Process Exit): setup has been interupted with user command 'quit'. setup must rerun.
2023-01-05 14:12:22,215:INFO:Creating global containers
2023-01-05 14:12:22,218:INFO:Internal pipeline: Pipeline(memory=None, steps=[('empty_step', 'passthrough')], verbose=False)
2023-01-05 14:13:06,901:INFO:PyCaret Supervised Module
2023-01-05 14:13:06,902:INFO:ML Usecase: regression
2023-01-05 14:13:06,902:INFO:version 2.2.2
2023-01-05 14:13:06,902:INFO:Initializing setup()
2023-01-05 14:13:06,902:INFO:setup(target=expected_cut_force, ml_usecase=regression, available_plots={'parameter': 'Hyperparameters', 'residuals': 'Residuals', 'error': 'Prediction Error', 'cooks': 'Cooks Distance', 'rfe': 'Feature Selection', 'learning': 'Learning Curve', 'manifold': 'Manifold Learning', 'vc': 'Validation Curve', 'feature': 'Feature Importance', 'feature_all': 'Feature Importance (All)', 'tree': 'Decision Tree'}, train_size=0.7, test_data=None, preprocess=True, imputation_type=simple, iterative_imputation_iters=5, categorical_features=[], categorical_imputation=constant, categorical_iterative_imputer=lightgbm, ordinal_features=None, high_cardinality_features=None, high_cardinality_method=frequency, numeric_features=None, numeric_imputation=mean, numeric_iterative_imputer=lightgbm, date_features=None, ignore_features=None, normalize=False, normalize_method=zscore, transformation=False, transformation_method=yeo-johnson, handle_unknown_categorical=True, unknown_categorical_method=least_frequent, pca=False, pca_method=linear, pca_components=None, ignore_low_variance=False, combine_rare_levels=False, rare_level_threshold=0.1, bin_numeric_features=None, remove_outliers=False, outliers_threshold=0.05, remove_multicollinearity=False, multicollinearity_threshold=0.9, remove_perfect_collinearity=True, create_clusters=False, cluster_iter=20, polynomial_features=False, polynomial_degree=2, trigonometry_features=False, polynomial_threshold=0.1, group_features=None, group_names=None, feature_selection=False, feature_selection_threshold=0.8, feature_selection_method=classic, feature_interaction=False, feature_ratio=False, interaction_threshold=0.01, fix_imbalance=False, fix_imbalance_method=None, transform_target=False, transform_target_method=box-cox, data_split_shuffle=True, data_split_stratify=False, fold_strategy=kfold, fold=10, fold_shuffle=True, fold_groups=None, n_jobs=-1, use_gpu=False, custom_pipeline=None, html=True, session_id=None, log_experiment=False, experiment_name=None, log_plots=False, log_profile=False, log_data=False, silent=False, verbose=True, profile=False, profile_kwargs=None, display=None)
2023-01-05 14:13:06,903:INFO:Checking environment
2023-01-05 14:13:06,903:INFO:python_version: 3.9.4
2023-01-05 14:13:06,903:INFO:python_build: ('default', 'Apr  9 2021 11:43:21')
2023-01-05 14:13:06,903:INFO:machine: AMD64
2023-01-05 14:13:06,903:INFO:platform: Windows-10-10.0.19041-SP0
2023-01-05 14:13:06,904:WARNING:cannot find psutil installation. memory not traceable. Install psutil using pip to enable memory logging.
2023-01-05 14:13:06,904:INFO:Checking libraries
2023-01-05 14:13:06,904:INFO:pd==1.2.4
2023-01-05 14:13:06,904:INFO:numpy==1.19.5
2023-01-05 14:13:06,904:INFO:sklearn==1.2.0
2023-01-05 14:13:06,905:INFO:xgboost==1.4.2
2023-01-05 14:13:06,905:INFO:lightgbm==3.3.1
2023-01-05 14:13:06,905:INFO:catboost==0.25.1
2023-01-05 14:13:06,905:INFO:mlflow==1.17.0
2023-01-05 14:13:06,905:INFO:Checking Exceptions
2023-01-05 14:13:06,905:INFO:Declaring global variables
2023-01-05 14:13:06,905:INFO:USI: 5827
2023-01-05 14:13:06,905:INFO:pycaret_globals: {'exp_name_log', 'log_plots_param', 'X_train', 'prep_pipe', 'seed', '_all_models', 'X_test', 'html_param', '_all_metrics', 'display_container', 'fold_groups_param', 'master_model_container', 'create_model_container', '_ml_usecase', 'transform_target_param', 'n_jobs_param', '_internal_pipeline', 'data_before_preprocess', 'transform_target_method_param', 'target_param', 'USI', '_available_plots', 'experiment__', 'fix_imbalance_method_param', 'stratify_param', 'imputation_regressor', '_all_models_internal', 'gpu_param', 'fold_param', 'y', 'y_train', 'X', 'fold_generator', 'pycaret_globals', 'fold_shuffle_param', 'logging_param', 'y_test', 'fix_imbalance_param', '_gpu_n_jobs_param', 'imputation_classifier', 'iterative_imputation_iters_param'}
2023-01-05 14:13:06,905:INFO:Preparing display monitor
2023-01-05 14:13:06,905:INFO:Preparing display monitor
2023-01-05 14:13:06,925:INFO:Importing libraries
2023-01-05 14:13:06,926:INFO:Copying data for preprocessing
2023-01-05 14:13:06,936:INFO:Declaring preprocessing parameters
2023-01-05 14:13:06,938:INFO:Creating preprocessing pipeline
2023-01-05 14:13:06,951:INFO:Preprocessing pipeline created successfully
2023-01-05 14:13:06,951:ERROR:(Process Exit): setup has been interupted with user command 'quit'. setup must rerun.
2023-01-05 14:13:06,951:INFO:Creating global containers
2023-01-05 14:13:06,952:INFO:Internal pipeline: Pipeline(memory=None, steps=[('empty_step', 'passthrough')], verbose=False)
2023-01-05 14:13:44,253:INFO:PyCaret Supervised Module
2023-01-05 14:13:44,253:INFO:ML Usecase: regression
2023-01-05 14:13:44,254:INFO:version 2.2.2
2023-01-05 14:13:44,254:INFO:Initializing setup()
2023-01-05 14:13:44,254:INFO:setup(target=expected_cut_force, ml_usecase=regression, available_plots={'parameter': 'Hyperparameters', 'residuals': 'Residuals', 'error': 'Prediction Error', 'cooks': 'Cooks Distance', 'rfe': 'Feature Selection', 'learning': 'Learning Curve', 'manifold': 'Manifold Learning', 'vc': 'Validation Curve', 'feature': 'Feature Importance', 'feature_all': 'Feature Importance (All)', 'tree': 'Decision Tree'}, train_size=0.7, test_data=None, preprocess=True, imputation_type=simple, iterative_imputation_iters=5, categorical_features=None, categorical_imputation=constant, categorical_iterative_imputer=lightgbm, ordinal_features=None, high_cardinality_features=None, high_cardinality_method=frequency, numeric_features=Index(['depth', 'vc', 'rake_angle', 'clearance_angle', 'A', 'B', 'C', 'n', 'm',
       'd1', 'd2', 'd3', 'd4', 'd5', 'densidade', 'young_modulus',
       'poisson_coef'],
      dtype='object'), numeric_imputation=mean, numeric_iterative_imputer=lightgbm, date_features=None, ignore_features=None, normalize=False, normalize_method=zscore, transformation=False, transformation_method=yeo-johnson, handle_unknown_categorical=True, unknown_categorical_method=least_frequent, pca=False, pca_method=linear, pca_components=None, ignore_low_variance=False, combine_rare_levels=False, rare_level_threshold=0.1, bin_numeric_features=None, remove_outliers=False, outliers_threshold=0.05, remove_multicollinearity=False, multicollinearity_threshold=0.9, remove_perfect_collinearity=True, create_clusters=False, cluster_iter=20, polynomial_features=False, polynomial_degree=2, trigonometry_features=False, polynomial_threshold=0.1, group_features=None, group_names=None, feature_selection=False, feature_selection_threshold=0.8, feature_selection_method=classic, feature_interaction=False, feature_ratio=False, interaction_threshold=0.01, fix_imbalance=False, fix_imbalance_method=None, transform_target=False, transform_target_method=box-cox, data_split_shuffle=True, data_split_stratify=False, fold_strategy=kfold, fold=10, fold_shuffle=True, fold_groups=None, n_jobs=-1, use_gpu=False, custom_pipeline=None, html=True, session_id=None, log_experiment=False, experiment_name=None, log_plots=False, log_profile=False, log_data=False, silent=False, verbose=True, profile=False, profile_kwargs=None, display=None)
2023-01-05 14:13:44,254:INFO:Checking environment
2023-01-05 14:13:44,254:INFO:python_version: 3.9.4
2023-01-05 14:13:44,254:INFO:python_build: ('default', 'Apr  9 2021 11:43:21')
2023-01-05 14:13:44,254:INFO:machine: AMD64
2023-01-05 14:13:44,254:INFO:platform: Windows-10-10.0.19041-SP0
2023-01-05 14:13:44,255:WARNING:cannot find psutil installation. memory not traceable. Install psutil using pip to enable memory logging.
2023-01-05 14:13:44,255:INFO:Checking libraries
2023-01-05 14:13:44,255:INFO:pd==1.2.4
2023-01-05 14:13:44,255:INFO:numpy==1.19.5
2023-01-05 14:13:44,255:INFO:sklearn==1.2.0
2023-01-05 14:13:44,255:INFO:xgboost==1.4.2
2023-01-05 14:13:44,255:INFO:lightgbm==3.3.1
2023-01-05 14:13:44,255:INFO:catboost==0.25.1
2023-01-05 14:13:44,255:INFO:mlflow==1.17.0
2023-01-05 14:13:44,255:INFO:Checking Exceptions
2023-01-05 14:13:44,256:INFO:Declaring global variables
2023-01-05 14:13:44,256:INFO:USI: 3f3a
2023-01-05 14:13:44,256:INFO:pycaret_globals: {'exp_name_log', 'log_plots_param', 'X_train', 'prep_pipe', 'seed', '_all_models', 'X_test', 'html_param', '_all_metrics', 'display_container', 'fold_groups_param', 'master_model_container', 'create_model_container', '_ml_usecase', 'transform_target_param', 'n_jobs_param', '_internal_pipeline', 'data_before_preprocess', 'transform_target_method_param', 'target_param', 'USI', '_available_plots', 'experiment__', 'fix_imbalance_method_param', 'stratify_param', 'imputation_regressor', '_all_models_internal', 'gpu_param', 'fold_param', 'y', 'y_train', 'X', 'fold_generator', 'pycaret_globals', 'fold_shuffle_param', 'logging_param', 'y_test', 'fix_imbalance_param', '_gpu_n_jobs_param', 'imputation_classifier', 'iterative_imputation_iters_param'}
2023-01-05 14:13:44,256:INFO:Preparing display monitor
2023-01-05 14:13:44,256:INFO:Preparing display monitor
2023-01-05 14:13:44,267:INFO:Importing libraries
2023-01-05 14:13:44,267:INFO:Copying data for preprocessing
2023-01-05 14:13:44,276:INFO:Declaring preprocessing parameters
2023-01-05 14:14:23,990:INFO:PyCaret Supervised Module
2023-01-05 14:14:23,990:INFO:ML Usecase: regression
2023-01-05 14:14:23,990:INFO:version 2.2.2
2023-01-05 14:14:23,991:INFO:Initializing setup()
2023-01-05 14:14:23,991:INFO:setup(target=expected_cut_force, ml_usecase=regression, available_plots={'parameter': 'Hyperparameters', 'residuals': 'Residuals', 'error': 'Prediction Error', 'cooks': 'Cooks Distance', 'rfe': 'Feature Selection', 'learning': 'Learning Curve', 'manifold': 'Manifold Learning', 'vc': 'Validation Curve', 'feature': 'Feature Importance', 'feature_all': 'Feature Importance (All)', 'tree': 'Decision Tree'}, train_size=0.7, test_data=None, preprocess=True, imputation_type=simple, iterative_imputation_iters=5, categorical_features=None, categorical_imputation=constant, categorical_iterative_imputer=lightgbm, ordinal_features=None, high_cardinality_features=None, high_cardinality_method=frequency, numeric_features=['depth', 'vc', 'rake_angle', 'clearance_angle', 'A', 'B', 'C', 'n', 'm', 'd1', 'd2', 'd3', 'd4', 'd5', 'densidade', 'young_modulus', 'poisson_coef'], numeric_imputation=mean, numeric_iterative_imputer=lightgbm, date_features=None, ignore_features=None, normalize=False, normalize_method=zscore, transformation=False, transformation_method=yeo-johnson, handle_unknown_categorical=True, unknown_categorical_method=least_frequent, pca=False, pca_method=linear, pca_components=None, ignore_low_variance=False, combine_rare_levels=False, rare_level_threshold=0.1, bin_numeric_features=None, remove_outliers=False, outliers_threshold=0.05, remove_multicollinearity=False, multicollinearity_threshold=0.9, remove_perfect_collinearity=True, create_clusters=False, cluster_iter=20, polynomial_features=False, polynomial_degree=2, trigonometry_features=False, polynomial_threshold=0.1, group_features=None, group_names=None, feature_selection=False, feature_selection_threshold=0.8, feature_selection_method=classic, feature_interaction=False, feature_ratio=False, interaction_threshold=0.01, fix_imbalance=False, fix_imbalance_method=None, transform_target=False, transform_target_method=box-cox, data_split_shuffle=True, data_split_stratify=False, fold_strategy=kfold, fold=10, fold_shuffle=True, fold_groups=None, n_jobs=-1, use_gpu=False, custom_pipeline=None, html=True, session_id=None, log_experiment=False, experiment_name=None, log_plots=False, log_profile=False, log_data=False, silent=False, verbose=True, profile=False, profile_kwargs=None, display=None)
2023-01-05 14:14:23,991:INFO:Checking environment
2023-01-05 14:14:23,992:INFO:python_version: 3.9.4
2023-01-05 14:14:23,992:INFO:python_build: ('default', 'Apr  9 2021 11:43:21')
2023-01-05 14:14:23,992:INFO:machine: AMD64
2023-01-05 14:14:23,992:INFO:platform: Windows-10-10.0.19041-SP0
2023-01-05 14:14:23,993:WARNING:cannot find psutil installation. memory not traceable. Install psutil using pip to enable memory logging.
2023-01-05 14:14:23,993:INFO:Checking libraries
2023-01-05 14:14:23,993:INFO:pd==1.2.4
2023-01-05 14:14:23,993:INFO:numpy==1.19.5
2023-01-05 14:14:23,993:INFO:sklearn==1.2.0
2023-01-05 14:14:23,993:INFO:xgboost==1.4.2
2023-01-05 14:14:23,993:INFO:lightgbm==3.3.1
2023-01-05 14:14:23,993:INFO:catboost==0.25.1
2023-01-05 14:14:23,993:INFO:mlflow==1.17.0
2023-01-05 14:14:23,993:INFO:Checking Exceptions
2023-01-05 14:14:23,993:INFO:Declaring global variables
2023-01-05 14:14:23,993:INFO:USI: e108
2023-01-05 14:14:23,993:INFO:pycaret_globals: {'exp_name_log', 'log_plots_param', 'X_train', 'prep_pipe', 'seed', '_all_models', 'X_test', 'html_param', '_all_metrics', 'display_container', 'fold_groups_param', 'master_model_container', 'create_model_container', '_ml_usecase', 'transform_target_param', 'n_jobs_param', '_internal_pipeline', 'data_before_preprocess', 'transform_target_method_param', 'target_param', 'USI', '_available_plots', 'experiment__', 'fix_imbalance_method_param', 'stratify_param', 'imputation_regressor', '_all_models_internal', 'gpu_param', 'fold_param', 'y', 'y_train', 'X', 'fold_generator', 'pycaret_globals', 'fold_shuffle_param', 'logging_param', 'y_test', 'fix_imbalance_param', '_gpu_n_jobs_param', 'imputation_classifier', 'iterative_imputation_iters_param'}
2023-01-05 14:14:23,993:INFO:Preparing display monitor
2023-01-05 14:14:23,993:INFO:Preparing display monitor
2023-01-05 14:14:24,007:INFO:Importing libraries
2023-01-05 14:14:24,007:INFO:Copying data for preprocessing
2023-01-05 14:14:24,021:INFO:Declaring preprocessing parameters
2023-01-05 14:14:24,023:INFO:Creating preprocessing pipeline
2023-01-05 14:14:24,027:INFO:Preprocessing pipeline created successfully
2023-01-05 14:14:24,028:ERROR:(Process Exit): setup has been interupted with user command 'quit'. setup must rerun.
2023-01-05 14:14:24,028:INFO:Creating global containers
2023-01-05 14:14:24,029:INFO:Internal pipeline: Pipeline(memory=None, steps=[('empty_step', 'passthrough')], verbose=False)
2023-01-05 14:14:25,532:INFO:Creating grid variables
2023-01-05 14:14:25,550:INFO:create_model_container: 0
2023-01-05 14:14:25,550:INFO:master_model_container: 0
2023-01-05 14:14:25,550:INFO:display_container: 0
2023-01-05 14:14:59,082:INFO:PyCaret Supervised Module
2023-01-05 14:14:59,082:INFO:ML Usecase: regression
2023-01-05 14:14:59,083:INFO:version 2.2.2
2023-01-05 14:14:59,083:INFO:Initializing setup()
2023-01-05 14:14:59,083:INFO:setup(target=expected_cut_force, ml_usecase=regression, available_plots={'parameter': 'Hyperparameters', 'residuals': 'Residuals', 'error': 'Prediction Error', 'cooks': 'Cooks Distance', 'rfe': 'Feature Selection', 'learning': 'Learning Curve', 'manifold': 'Manifold Learning', 'vc': 'Validation Curve', 'feature': 'Feature Importance', 'feature_all': 'Feature Importance (All)', 'tree': 'Decision Tree'}, train_size=0.7, test_data=None, preprocess=True, imputation_type=iterative, iterative_imputation_iters=5, categorical_features=None, categorical_imputation=constant, categorical_iterative_imputer=lightgbm, ordinal_features=None, high_cardinality_features=None, high_cardinality_method=frequency, numeric_features=['depth', 'vc', 'rake_angle', 'clearance_angle', 'A', 'B', 'C', 'n', 'm', 'd1', 'd2', 'd3', 'd4', 'd5', 'densidade', 'young_modulus', 'poisson_coef'], numeric_imputation=mean, numeric_iterative_imputer=lightgbm, date_features=None, ignore_features=None, normalize=False, normalize_method=zscore, transformation=False, transformation_method=yeo-johnson, handle_unknown_categorical=True, unknown_categorical_method=least_frequent, pca=False, pca_method=linear, pca_components=None, ignore_low_variance=False, combine_rare_levels=False, rare_level_threshold=0.1, bin_numeric_features=None, remove_outliers=False, outliers_threshold=0.05, remove_multicollinearity=False, multicollinearity_threshold=0.9, remove_perfect_collinearity=True, create_clusters=False, cluster_iter=20, polynomial_features=False, polynomial_degree=2, trigonometry_features=False, polynomial_threshold=0.1, group_features=None, group_names=None, feature_selection=False, feature_selection_threshold=0.8, feature_selection_method=classic, feature_interaction=False, feature_ratio=False, interaction_threshold=0.01, fix_imbalance=False, fix_imbalance_method=None, transform_target=False, transform_target_method=box-cox, data_split_shuffle=True, data_split_stratify=False, fold_strategy=kfold, fold=10, fold_shuffle=True, fold_groups=None, n_jobs=-1, use_gpu=False, custom_pipeline=None, html=True, session_id=None, log_experiment=False, experiment_name=None, log_plots=False, log_profile=False, log_data=False, silent=False, verbose=True, profile=False, profile_kwargs=None, display=None)
2023-01-05 14:14:59,083:INFO:Checking environment
2023-01-05 14:14:59,083:INFO:python_version: 3.9.4
2023-01-05 14:14:59,084:INFO:python_build: ('default', 'Apr  9 2021 11:43:21')
2023-01-05 14:14:59,084:INFO:machine: AMD64
2023-01-05 14:14:59,084:INFO:platform: Windows-10-10.0.19041-SP0
2023-01-05 14:14:59,085:WARNING:cannot find psutil installation. memory not traceable. Install psutil using pip to enable memory logging.
2023-01-05 14:14:59,085:INFO:Checking libraries
2023-01-05 14:14:59,086:INFO:pd==1.2.4
2023-01-05 14:14:59,086:INFO:numpy==1.19.5
2023-01-05 14:14:59,086:INFO:sklearn==1.2.0
2023-01-05 14:14:59,086:INFO:xgboost==1.4.2
2023-01-05 14:14:59,086:INFO:lightgbm==3.3.1
2023-01-05 14:14:59,086:INFO:catboost==0.25.1
2023-01-05 14:14:59,086:INFO:mlflow==1.17.0
2023-01-05 14:14:59,086:INFO:Checking Exceptions
2023-01-05 14:14:59,086:INFO:Declaring global variables
2023-01-05 14:14:59,086:INFO:USI: 7d0b
2023-01-05 14:14:59,086:INFO:pycaret_globals: {'exp_name_log', 'log_plots_param', 'X_train', 'prep_pipe', 'seed', '_all_models', 'X_test', 'html_param', '_all_metrics', 'display_container', 'fold_groups_param', 'master_model_container', 'create_model_container', '_ml_usecase', 'transform_target_param', 'n_jobs_param', '_internal_pipeline', 'data_before_preprocess', 'transform_target_method_param', 'target_param', 'USI', '_available_plots', 'experiment__', 'fix_imbalance_method_param', 'stratify_param', 'imputation_regressor', '_all_models_internal', 'gpu_param', 'fold_param', 'y', 'y_train', 'X', 'fold_generator', 'pycaret_globals', 'fold_shuffle_param', 'logging_param', 'y_test', 'fix_imbalance_param', '_gpu_n_jobs_param', 'imputation_classifier', 'iterative_imputation_iters_param'}
2023-01-05 14:14:59,087:INFO:Preparing display monitor
2023-01-05 14:14:59,087:INFO:Preparing display monitor
2023-01-05 14:14:59,107:INFO:Importing libraries
2023-01-05 14:14:59,107:INFO:Copying data for preprocessing
2023-01-05 14:14:59,120:INFO:Declaring preprocessing parameters
2023-01-05 14:14:59,122:INFO:Setting up iterative imputation
2023-01-05 14:14:59,587:INFO:Creating preprocessing pipeline
2023-01-05 14:14:59,591:INFO:Preprocessing pipeline created successfully
2023-01-05 14:14:59,591:ERROR:(Process Exit): setup has been interupted with user command 'quit'. setup must rerun.
2023-01-05 14:14:59,591:INFO:Creating global containers
2023-01-05 14:14:59,592:INFO:Internal pipeline: Pipeline(memory=None, steps=[('empty_step', 'passthrough')], verbose=False)
2023-01-05 14:15:01,014:INFO:Creating grid variables
2023-01-05 14:15:01,027:INFO:create_model_container: 0
2023-01-05 14:15:01,028:INFO:master_model_container: 0
2023-01-05 14:15:01,028:INFO:display_container: 0
